#
# There is insufficient memory for the Java Runtime Environment to continue.
# Native memory allocation (mmap) failed to map 266338304 bytes. Error detail: G1 virtual space
# Possible reasons:
#   The system is out of physical RAM or swap space
#   This process is running with CompressedOops enabled, and the Java Heap may be blocking the growth of the native heap
# Possible solutions:
#   Reduce memory load on the system
#   Increase physical memory or swap space
#   Check if swap backing store is full
#   Decrease Java heap size (-Xmx/-Xms)
#   Decrease number of Java threads
#   Decrease Java thread stack sizes (-Xss)
#   Set larger code cache with -XX:ReservedCodeCacheSize=
#   JVM is running with Zero Based Compressed Oops mode in which the Java heap is
#     placed in the first 32GB address space. The Java Heap base address is the
#     maximum limit for the native heap growth. Please use -XX:HeapBaseMinAddress
#     to set the Java Heap base and to place the Java Heap above 32GB virtual address.
# This output file may be truncated or incomplete.
#
#  Out of Memory Error (os_windows.cpp:3925), pid=27060, tid=8936
#
# JRE version:  (21.0.9+1) (build )
# Java VM: OpenJDK 64-Bit Server VM (21.0.9+1-b1163.86, mixed mode, sharing, tiered, compressed oops, compressed class ptrs, g1 gc, windows-amd64)
# No core dump will be written. Minidumps are not enabled by default on client versions of Windows
#

---------------  S U M M A R Y ------------

Command Line: git4idea.http.GitAskPassApp Username for 'https://github.com': 

Host: 11th Gen Intel(R) Core(TM) i5-1135G7 @ 2.40GHz, 8 cores, 15G,  Windows 11 , 64 bit Build 22621 (10.0.22621.5415)
Time: Mon Jan 19 23:50:57 2026 SE Asia Standard Time elapsed time: 0.028555 seconds (0d 0h 0m 0s)

---------------  T H R E A D  ---------------

Current thread (0x0000026cc5173ee0):  JavaThread "Unknown thread" [_thread_in_vm, id=8936, stack(0x0000009715f00000,0x0000009716000000) (1024K)]

Stack: [0x0000009715f00000,0x0000009716000000]
Native frames: (J=compiled Java code, j=interpreted, Vv=VM code, C=native code)
V  [jvm.dll+0x6ec339]
V  [jvm.dll+0x8cc463]
V  [jvm.dll+0x8cea7e]
V  [jvm.dll+0x8cf163]
V  [jvm.dll+0x28b006]
V  [jvm.dll+0x6e8b15]
V  [jvm.dll+0x6dc1aa]
V  [jvm.dll+0x366a7b]
V  [jvm.dll+0x36e666]
V  [jvm.dll+0x3c0bd6]
V  [jvm.dll+0x3c0ea8]
V  [jvm.dll+0x33922c]
V  [jvm.dll+0x339f1b]
V  [jvm.dll+0x893b29]
V  [jvm.dll+0x3cdda8]
V  [jvm.dll+0x87ca68]
V  [jvm.dll+0x462a4e]
V  [jvm.dll+0x464731]
C  [jli.dll+0x52ab]
C  [ucrtbase.dll+0x29333]
C  [KERNEL32.DLL+0x1259d]
C  [ntdll.dll+0x5af78]


---------------  P R O C E S S  ---------------

Threads class SMR info:
_java_thread_list=0x00007fff801a52c8, length=0, elements={
}

Java Threads: ( => current thread )
Total: 0

Other Threads:
  0x0000026cc74ce780 WorkerThread "GC Thread#0"                     [id=13856, stack(0x0000009716000000,0x0000009716100000) (1024K)]
  0x0000026cc74df3b0 ConcurrentGCThread "G1 Main Marker"            [id=22664, stack(0x0000009716100000,0x0000009716200000) (1024K)]
  0x0000026cc74dfeb0 WorkerThread "G1 Conc#0"                       [id=24476, stack(0x0000009716200000,0x0000009716300000) (1024K)]

[error occurred during error reporting (printing all threads), id 0xc0000005, EXCEPTION_ACCESS_VIOLATION (0xc0000005) at pc=0x00007fff7f88c287]
VM state: not at safepoint (not fully initialized)

VM Mutex/Monitor currently owned by a thread:  ([mutex/lock_event])
[0x00007fff80219e30] Heap_lock - owner thread: 0x0000026cc5173ee0

Heap address: 0x0000000703a00000, size: 4038 MB, Compressed Oops mode: Zero based, Oop shift amount: 3

CDS archive(s) mapped at: [0x0000000000000000-0x0000000000000000-0x0000000000000000), size 0, SharedBaseAddress: 0x0000000800000000, ArchiveRelocationMode: 1.
Narrow klass base: 0x0000000000000000, Narrow klass shift: 0, Narrow klass range: 0x0

GC Precious Log:
 CardTable entry size: 512
 Card Set container configuration: InlinePtr #cards 4 size 8 Array Of Cards #cards 16 size 48 Howl #buckets 8 coarsen threshold 3686 Howl Bitmap #cards 512 size 80 coarsen threshold 460 Card regions per heap region 1 cards per card region 4096

Heap:
 garbage-first heap   total 0K, used 0K [0x0000000703a00000, 0x0000000800000000)
  region size 2048K, 0 young (0K), 0 survivors (0K)
 Metaspace       used 0K, committed 0K, reserved 0K
  class space    used 0K, committed 0K, reserved 0K

Heap Regions: E=young(eden), S=young(survivor), O=old, HS=humongous(starts), HC=humongous(continues), CS=collection set, F=free, TAMS=top-at-mark-start, PB=parsable bottom

Card table byte_map: [0x0000026cdafe0000,0x0000026cdb7d0000] _byte_map_base: 0x0000026cd77c3000

Marking Bits: (CMBitMap*) 0x0000026cc74cee80
 Bits: [0x0000026cdb7d0000, 0x0000026cdf6e8000)

GC Heap History (0 events):
No events

Dll operation events (1 events):
Event: 0.017 Loaded shared library E:\InterlliJ\IntelliJ IDEA 2025.3.1.1\jbr\bin\java.dll

Deoptimization events (0 events):
No events

Classes loaded (0 events):
No events

Classes unloaded (0 events):
No events

Classes redefined (0 events):
No events

Internal exceptions (0 events):
No events

ZGC Phase Switch (0 events):
No events

VM Operations (0 events):
No events

Memory protections (0 events):
No events

Nmethod flushes (0 events):
No events

Events (0 events):
No events


Dynamic libraries:
0x00007ff7d2220000 - 0x00007ff7d222a000 	E:\InterlliJ\IntelliJ IDEA 2025.3.1.1\jbr\bin\java.exe
0x00007ff8366f0000 - 0x00007ff836908000 	C:\WINDOWS\SYSTEM32\ntdll.dll
0x00007ff8359f0000 - 0x00007ff835ab4000 	C:\WINDOWS\System32\KERNEL32.DLL
0x00007ff833e10000 - 0x00007ff8341e3000 	C:\WINDOWS\System32\KERNELBASE.dll
0x00007ff833af0000 - 0x00007ff833c01000 	C:\WINDOWS\System32\ucrtbase.dll
0x00007fffde230000 - 0x00007fffde248000 	E:\InterlliJ\IntelliJ IDEA 2025.3.1.1\jbr\bin\jli.dll
0x00007ff836350000 - 0x00007ff836502000 	C:\WINDOWS\System32\USER32.dll
0x00007ff833970000 - 0x00007ff833996000 	C:\WINDOWS\System32\win32u.dll
0x00007ff835d40000 - 0x00007ff835d69000 	C:\WINDOWS\System32\GDI32.dll
0x00007ff8341f0000 - 0x00007ff83430b000 	C:\WINDOWS\System32\gdi32full.dll
0x00007ff833a50000 - 0x00007ff833aea000 	C:\WINDOWS\System32\msvcp_win.dll
0x00007ff82a200000 - 0x00007ff82a21b000 	E:\InterlliJ\IntelliJ IDEA 2025.3.1.1\jbr\bin\VCRUNTIME140.dll
0x00007ff8131a0000 - 0x00007ff81343c000 	C:\WINDOWS\WinSxS\amd64_microsoft.windows.common-controls_6595b64144ccf1df_6.0.22621.6060_none_2712eda17382d24b\COMCTL32.dll
0x00007ff835c80000 - 0x00007ff835d27000 	C:\WINDOWS\System32\msvcrt.dll
0x00007ff835850000 - 0x00007ff835881000 	C:\WINDOWS\System32\IMM32.DLL
0x00007ff82a1d0000 - 0x00007ff82a1dc000 	E:\InterlliJ\IntelliJ IDEA 2025.3.1.1\jbr\bin\vcruntime140_1.dll
0x00007fffcb230000 - 0x00007fffcb2bd000 	E:\InterlliJ\IntelliJ IDEA 2025.3.1.1\jbr\bin\msvcp140.dll
0x00007fff7f540000 - 0x00007fff8030d000 	E:\InterlliJ\IntelliJ IDEA 2025.3.1.1\jbr\bin\server\jvm.dll
0x00007ff8344d0000 - 0x00007ff834581000 	C:\WINDOWS\System32\ADVAPI32.dll
0x00007ff836600000 - 0x00007ff8366a8000 	C:\WINDOWS\System32\sechost.dll
0x00007ff8339a0000 - 0x00007ff8339c8000 	C:\WINDOWS\System32\bcrypt.dll
0x00007ff834390000 - 0x00007ff8344a8000 	C:\WINDOWS\System32\RPCRT4.dll
0x00007ff8345a0000 - 0x00007ff834611000 	C:\WINDOWS\System32\WS2_32.dll
0x00007ff833470000 - 0x00007ff8334bd000 	C:\WINDOWS\SYSTEM32\POWRPROF.dll
0x00007ff82c850000 - 0x00007ff82c884000 	C:\WINDOWS\SYSTEM32\WINMM.dll
0x00007ff82c820000 - 0x00007ff82c82a000 	C:\WINDOWS\SYSTEM32\VERSION.dll
0x00007ff833450000 - 0x00007ff833463000 	C:\WINDOWS\SYSTEM32\UMPDC.dll
0x00007ff8327a0000 - 0x00007ff8327b8000 	C:\WINDOWS\SYSTEM32\kernel.appcore.dll
0x00007ff82a1c0000 - 0x00007ff82a1ca000 	E:\InterlliJ\IntelliJ IDEA 2025.3.1.1\jbr\bin\jimage.dll
0x00007ff831200000 - 0x00007ff831433000 	C:\WINDOWS\SYSTEM32\DBGHELP.DLL
0x00007ff835d90000 - 0x00007ff836121000 	C:\WINDOWS\System32\combase.dll
0x00007ff8358a0000 - 0x00007ff835978000 	C:\WINDOWS\System32\OLEAUT32.dll
0x00007ff8007f0000 - 0x00007ff800822000 	C:\WINDOWS\SYSTEM32\dbgcore.DLL
0x00007ff8339d0000 - 0x00007ff833a4b000 	C:\WINDOWS\System32\bcryptPrimitives.dll
0x00007ff811f30000 - 0x00007ff811f50000 	E:\InterlliJ\IntelliJ IDEA 2025.3.1.1\jbr\bin\java.dll

JVMTI agents: none

dbghelp: loaded successfully - version: 4.0.5 - missing functions: none
symbol engine: initialized successfully - sym options: 0x614 - pdb path: .;E:\InterlliJ\IntelliJ IDEA 2025.3.1.1\jbr\bin;C:\WINDOWS\SYSTEM32;C:\WINDOWS\WinSxS\amd64_microsoft.windows.common-controls_6595b64144ccf1df_6.0.22621.6060_none_2712eda17382d24b;E:\InterlliJ\IntelliJ IDEA 2025.3.1.1\jbr\bin\server

VM Arguments:
java_command: git4idea.http.GitAskPassApp Username for 'https://github.com': 
java_class_path (initial): E:/InterlliJ/IntelliJ IDEA 2025.3.1.1/plugins/vcs-git/lib/git4idea-rt.jar;E:/InterlliJ/IntelliJ IDEA 2025.3.1.1/lib/externalProcess-rt.jar
Launcher Type: SUN_STANDARD

[Global flags]
     intx CICompilerCount                          = 4                                         {product} {ergonomic}
     uint ConcGCThreads                            = 2                                         {product} {ergonomic}
     uint G1ConcRefinementThreads                  = 8                                         {product} {ergonomic}
   size_t G1HeapRegionSize                         = 2097152                                   {product} {ergonomic}
    uintx GCDrainStackTargetSize                   = 64                                        {product} {ergonomic}
   size_t InitialHeapSize                          = 266338304                                 {product} {ergonomic}
   size_t MarkStackSize                            = 4194304                                   {product} {ergonomic}
   size_t MaxHeapSize                              = 4234149888                                {product} {ergonomic}
   size_t MinHeapDeltaBytes                        = 2097152                                   {product} {ergonomic}
   size_t MinHeapSize                              = 8388608                                   {product} {ergonomic}
    uintx NonNMethodCodeHeapSize                   = 5839372                                {pd product} {ergonomic}
    uintx NonProfiledCodeHeapSize                  = 122909434                              {pd product} {ergonomic}
    uintx ProfiledCodeHeapSize                     = 122909434                              {pd product} {ergonomic}
    uintx ReservedCodeCacheSize                    = 251658240                              {pd product} {ergonomic}
     bool SegmentedCodeCache                       = true                                      {product} {ergonomic}
   size_t SoftMaxHeapSize                          = 4234149888                             {manageable} {ergonomic}
     bool UseCompressedOops                        = true                           {product lp64_product} {ergonomic}
     bool UseG1GC                                  = true                                      {product} {ergonomic}
     bool UseLargePagesIndividualAllocation        = false                                  {pd product} {ergonomic}

Logging:
Log output configuration:
 #0: stdout all=warning uptime,level,tags foldmultilines=false
 #1: stderr all=off uptime,level,tags foldmultilines=false

Release file:
<release file has not been read>
Environment Variables:
PATH=C:/Program Files/Git/mingw64/libexec/git-core;C:/Program Files/Git/mingw64/libexec/git-core;C:\Program Files\Git\mingw64\bin;C:\Program Files\Git\usr\bin;C:\Users\AD\bin;C:\Program Files\Common Files\Oracle\Java\javapath;C:\WINDOWS\system32;C:\WINDOWS;C:\WINDOWS\System32\Wbem;C:\WINDOWS\System32\WindowsPowerShell\v1.0\;C:\WINDOWS\System32\OpenSSH\;C:\Program Files (x86)\Microsoft SQL Server\160\Tools\Binn\;C:\Program Files\Microsoft SQL Server\160\Tools\Binn\;C:\Program Files\Microsoft SQL Server\Client SDK\ODBC\170\Tools\Binn\;C:\Program Files\Microsoft SQL Server\160\DTS\Binn\;C:\Program Files (x86)\Microsoft SQL Server\160\DTS\Binn\;C:\Program Files\Azure Data Studio\bin;C:\Program Files\Git\cmd;C:\Users\AD\AppData\Local\Microsoft\WindowsApps;C:\Program Files\Azure Data Studio\bin;C:\Users\AD\AppData\Local\Programs\Microsoft VS Code\bin;C:\Users\AD\AppData\Local\GitHubDesktop\bin
USERNAME=AD
DISPLAY=:0.0
LC_ALL=en_US.UTF-8
TERM=xterm-256color
TMPDIR=C:\Users\AD\AppData\Local\Temp
OS=Windows_NT
PROCESSOR_IDENTIFIER=Intel64 Family 6 Model 140 Stepping 1, GenuineIntel
TMP=C:\Users\AD\AppData\Local\Temp
TEMP=C:\Users\AD\AppData\Local\Temp




Periodic native trim disabled

JNI global refs:
JNI global refs: 0, weak refs: 0

JNI global refs memory usage: 0, weak refs: 0

Process memory usage:
Resident Set Size: 11828K (0% of 16537592K total physical memory with 1052816K free physical memory)

OOME stack traces (most recent first):
Classloader memory used:

---------------  S Y S T E M  ---------------

OS:
 Windows 11 , 64 bit Build 22621 (10.0.22621.5415)
OS uptime: 2 days 3:28 hours
Hyper-V role detected

CPU: total 8 (initial active 8) (4 cores per cpu, 2 threads per core) family 6 model 140 stepping 1 microcode 0x86, cx8, cmov, fxsr, ht, mmx, 3dnowpref, sse, sse2, sse3, ssse3, sse4.1, sse4.2, popcnt, lzcnt, tsc, tscinvbit, avx, avx2, aes, erms, clmul, bmi1, bmi2, adx, avx512f, avx512dq, avx512cd, avx512bw, avx512vl, sha, fma, vzeroupper, avx512_vpopcntdq, avx512_vpclmulqdq, avx512_vaes, avx512_vnni, clflush, clflushopt, clwb, avx512_vbmi2, avx512_vbmi, hv, rdtscp, rdpid, fsrm, gfni, avx512_bitalg, f16c, cet_ibt, cet_ss, avx512_ifma
Processor Information for the first 8 processors :
  Max Mhz: 2419, Current Mhz: 2419, Mhz Limit: 2419

Memory: 4k page, system-wide physical 16149M (1028M free)
TotalPageFile size 34464M (AvailPageFile size 50M)
current process WorkingSet (physical memory assigned to process): 11M, peak: 11M
current process commit charge ("private bytes"): 60M, peak: 314M

vm_info: OpenJDK 64-Bit Server VM (21.0.9+1-b1163.86) for windows-amd64 JRE (21.0.9+1-b1163.86), built on 2025-12-02 by "builduser" with MS VC++ 16.10 / 16.11 (VS2019)

END.
